<?xml version="1.0" encoding="UTF-8"?>
<testng-results ignored="0" total="1" passed="1" failed="0" skipped="0">
  <reporter-output>
  </reporter-output>
  <suite started-at="2020-08-08T20:51:05Z" name="Default suite" finished-at="2020-08-08T20:51:20Z" duration-ms="14811">
    <groups>
      <group name="Youtube">
        <method signature="Youtube_keywords.get_keywords_txt()[pri:0, instance:com.testFiles.Youtube_keywords@27912e3]" name="get_keywords_txt" class="com.testFiles.Youtube_keywords"/>
      </group> <!-- Youtube -->
    </groups>
    <test started-at="2020-08-08T20:51:05Z" name="Default test" finished-at="2020-08-08T20:51:20Z" duration-ms="14811">
      <class name="com.testFiles.Youtube_keywords">
        <test-method is-config="true" signature="setup()[pri:0, instance:com.testFiles.Youtube_keywords@27912e3]" started-at="2020-08-08T20:51:05Z" name="setup" finished-at="2020-08-08T20:51:17Z" duration-ms="11771" status="PASS">
          <reporter-output>
          </reporter-output>
        </test-method> <!-- setup -->
        <test-method signature="get_keywords_txt()[pri:0, instance:com.testFiles.Youtube_keywords@27912e3]" started-at="2020-08-08T20:51:17Z" name="get_keywords_txt" finished-at="2020-08-08T20:51:20Z" duration-ms="3006" status="PASS">
          <reporter-output>
          </reporter-output>
        </test-method> <!-- get_keywords_txt -->
        <test-method is-config="true" signature="tear_down()[pri:0, instance:com.testFiles.Youtube_keywords@27912e3]" started-at="2020-08-08T20:51:20Z" name="tear_down" finished-at="2020-08-08T20:51:20Z" duration-ms="1" status="PASS">
          <reporter-output>
          </reporter-output>
        </test-method> <!-- tear_down -->
      </class> <!-- com.testFiles.Youtube_keywords -->
    </test> <!-- Default test -->
  </suite> <!-- Default suite -->
</testng-results>
