<?xml version="1.0" encoding="UTF-8"?>
<!-- Generated by org.testng.reporters.JUnitXMLReporter -->
<testsuite ignored="2" hostname="ADMINRG-M0LJS1I" failures="0" tests="1" name="Test" time="43.576" errors="0" timestamp="07 Aug 2020 13:17:06 GMT">
  <testcase classname="com.testFiles.YoutubeUserSignIn" name="Check_user_signed_in" time="23.064"/>
  <testcase classname="com.testFiles.GoogleHomeSearch" name="search_functionality" time="0.0">
    <ignored/>
  </testcase> <!-- search_functionality -->
  <testcase classname="com.testFiles.GoogleSearchTest" name="search_Verify_functionality" time="0.0">
    <ignored/>
  </testcase> <!-- search_Verify_functionality -->
</testsuite> <!-- Test -->
