<?xml version="1.0" encoding="UTF-8"?>
<testng-results ignored="0" total="4" passed="4" failed="0" skipped="0">
  <reporter-output>
  </reporter-output>
  <suite started-at="2020-08-08T06:09:51 PDT" name="Default suite" finished-at="2020-08-08T06:09:51 PDT" duration-ms="93">
    <groups>
    </groups>
    <test started-at="2020-08-08T06:09:51 PDT" name="Default test" finished-at="2020-08-08T06:09:51 PDT" duration-ms="93">
      <class name="com.testpackage.DataProviderExample">
        <test-method signature="check(java.lang.String, java.lang.String, java.lang.String)[pri:0, instance:com.testpackage.DataProviderExample@58ea606c]" started-at="2020-08-08T06:09:51 PDT" name="check" data-provider="pass" finished-at="2020-08-08T06:09:51 PDT" duration-ms="9" status="PASS">
          <params>
            <param index="0">
              <value>
                <![CDATA[username]]>
              </value>
            </param>
            <param index="1">
              <value>
                <![CDATA[Password]]>
              </value>
            </param>
            <param index="2">
              <value>
                <![CDATA[Learning]]>
              </value>
            </param>
          </params>
          <reporter-output>
          </reporter-output>
        </test-method> <!-- check -->
        <test-method signature="check(java.lang.String, java.lang.String, java.lang.String)[pri:0, instance:com.testpackage.DataProviderExample@58ea606c]" started-at="2020-08-08T06:09:51 PDT" name="check" data-provider="pass" finished-at="2020-08-08T06:09:51 PDT" duration-ms="12" status="PASS">
          <params>
            <param index="0">
              <value>
                <![CDATA[shivam]]>
              </value>
            </param>
            <param index="1">
              <value>
                <![CDATA[Gulani]]>
              </value>
            </param>
            <param index="2">
              <value>
                <![CDATA[Learning]]>
              </value>
            </param>
          </params>
          <reporter-output>
          </reporter-output>
        </test-method> <!-- check -->
        <test-method signature="login(java.lang.String, java.lang.String)[pri:0, instance:com.testpackage.DataProviderExample@58ea606c]" started-at="2020-08-08T06:09:51 PDT" name="login" data-provider="user_pass" finished-at="2020-08-08T06:09:51 PDT" duration-ms="4" status="PASS">
          <params>
            <param index="0">
              <value>
                <![CDATA[username]]>
              </value>
            </param>
            <param index="1">
              <value>
                <![CDATA[Password]]>
              </value>
            </param>
          </params>
          <reporter-output>
          </reporter-output>
        </test-method> <!-- login -->
        <test-method signature="login(java.lang.String, java.lang.String)[pri:0, instance:com.testpackage.DataProviderExample@58ea606c]" started-at="2020-08-08T06:09:51 PDT" name="login" data-provider="user_pass" finished-at="2020-08-08T06:09:51 PDT" duration-ms="1" status="PASS">
          <params>
            <param index="0">
              <value>
                <![CDATA[shivam]]>
              </value>
            </param>
            <param index="1">
              <value>
                <![CDATA[Gulani]]>
              </value>
            </param>
          </params>
          <reporter-output>
          </reporter-output>
        </test-method> <!-- login -->
      </class> <!-- com.testpackage.DataProviderExample -->
    </test> <!-- Default test -->
  </suite> <!-- Default suite -->
</testng-results>
