<?xml version="1.0" encoding="UTF-8"?>
<!-- Generated by org.testng.reporters.JUnitXMLReporter -->
<testsuite ignored="0" hostname="ADMINRG-M0LJS1I" failures="0" tests="3" name="Default test" time="30.918" errors="0" timestamp="2020-08-05T00:46:06 PDT">
  <testcase classname="com.testpackage.GoogleTest" name="getGoogleTitle" time="0.021"/>
  <testcase classname="com.testpackage.GoogleTest" name="googleLogoTest" time="0.096"/>
  <testcase classname="com.testpackage.GoogleTest" name="googleMailLink" time="0.055"/>
</testsuite> <!-- Default test -->
