<?xml version="1.0" encoding="UTF-8"?>
<!-- Generated by org.testng.reporters.JUnitXMLReporter -->
<testsuite ignored="0" hostname="ADMINRG-M0LJS1I" failures="0" tests="4" name="Default test" time="0.093" errors="0" timestamp="2020-08-08T06:09:51 PDT">
  <testcase classname="com.testpackage.DataProviderExample" name="check" time="0.009"/>
  <testcase classname="com.testpackage.DataProviderExample" name="check" time="0.012"/>
  <testcase classname="com.testpackage.DataProviderExample" name="login" time="0.004"/>
  <testcase classname="com.testpackage.DataProviderExample" name="login" time="0.001"/>
</testsuite> <!-- Default test -->
