<?xml version="1.0" encoding="UTF-8"?>
<!-- Generated by org.testng.reporters.JUnitXMLReporter -->
<testsuite ignored="4" hostname="ADMINRG-M0LJS1I" failures="0" tests="5" name="TestNG PRactice" time="55.125" errors="0" timestamp="2020-08-05T08:09:42 PDT">
  <testcase classname="com.testpackage.GoogleTest" name="googleMailLink" time="0.111"/>
  <testcase classname="com.testpackage.GoogleTest" name="test3" time="0.003"/>
  <testcase classname="com.testpackage.GoogleTest" name="test2" time="0.002"/>
  <testcase classname="com.testpackage.GoogleTest" name="test1" time="0.002"/>
  <testcase classname="com.testpackage.TestNGBasics" name="my_test3" time="0.002"/>
  <testcase classname="com.testpackage.TestNGBasics" name="my_test" time="0.0">
    <ignored/>
  </testcase> <!-- my_test -->
  <testcase classname="com.testpackage.GoogleTest" name="googleLogoTest" time="0.0">
    <ignored/>
  </testcase> <!-- googleLogoTest -->
  <testcase classname="com.testpackage.GoogleTest" name="getGoogleTitle" time="0.0">
    <ignored/>
  </testcase> <!-- getGoogleTitle -->
  <testcase classname="com.testpackage.TestNGBasics" name="my_test2" time="0.0">
    <ignored/>
  </testcase> <!-- my_test2 -->
</testsuite> <!-- TestNG PRactice -->
