<?xml version="1.0" encoding="UTF-8"?>
<testng-results ignored="0" total="1" passed="1" failed="0" skipped="0">
  <reporter-output>
  </reporter-output>
  <suite started-at="2020-08-05T16:35:52Z" name="Default suite" finished-at="2020-08-05T16:36:00Z" duration-ms="8461">
    <groups>
    </groups>
    <test started-at="2020-08-05T16:35:52Z" name="Default test" finished-at="2020-08-05T16:36:00Z" duration-ms="8461">
      <class name="DemoSelenium">
        <test-method signature="set_Up()[pri:0, instance:DemoSelenium@452e19ca]" started-at="2020-08-05T16:35:52Z" name="set_Up" finished-at="2020-08-05T16:36:00Z" duration-ms="8416" status="PASS">
          <reporter-output>
          </reporter-output>
        </test-method> <!-- set_Up -->
      </class> <!-- DemoSelenium -->
    </test> <!-- Default test -->
  </suite> <!-- Default suite -->
</testng-results>
